{
  "stats": {
    "suites": 1,
    "tests": 1,
    "passes": 1,
    "pending": 0,
    "failures": 0,
    "start": "2026-05-20T19:34:20.665Z",
    "end": "2026-05-20T19:34:25.636Z",
    "duration": 4971,
    "testsRegistered": 1,
    "passPercent": 100,
    "pendingPercent": 0,
    "other": 0,
    "hasOther": false,
    "skipped": 0,
    "hasSkipped": false
  },
  "results": [
    {
      "uuid": "c02cd67a-5f11-4141-b324-8fc876f98399",
      "title": "",
      "fullFile": "cypress\\e2e\\ecommerce\\purchase.cy.js",
      "file": "cypress\\e2e\\ecommerce\\purchase.cy.js",
      "beforeHooks": [],
      "afterHooks": [],
      "tests": [],
      "suites": [
        {
          "uuid": "ced655cc-65e5-43df-8878-e05bab706571",
          "title": "SauceDemo - Devsu",
          "fullFile": "",
          "file": "",
          "beforeHooks": [],
          "afterHooks": [],
          "tests": [
            {
              "title": "Should complete a purchase successfully",
              "fullTitle": "SauceDemo - Devsu Should complete a purchase successfully",
              "timedOut": null,
              "duration": 4872,
              "state": "passed",
              "speed": "fast",
              "pass": true,
              "fail": false,
              "pending": false,
              "context": null,
              "code": "// Login\nloginPage.login(this.userData.username, this.userData.password);\n// Login validations\ncy.url().should('include', '/inventory');\ncy.contains('Products').should('be.visible');\n// Add products\ninventoryPage.addBackpackToCart();\ninventoryPage.addBikeLightToCart();\n// Cart badge validation\ninventoryPage.elements.cartBadge().should('contain', '2');\n// Open cart\ninventoryPage.openCart();\n// Product validations\ncartPage.elements.backpackItem().should('be.visible');\ncartPage.elements.bikeLightItem().should('be.visible');\n// Checkout\ncartPage.clickCheckout();\n// Checkout form validations\ncheckoutPage.elements.firstNameInput().should('be.visible');\ncheckoutPage.fillCheckoutInformation(this.userData.firstName, this.userData.lastName, this.userData.postalCode);\ncheckoutPage.continueCheckout();\n// Overview validations\noverviewPage.elements.overviewTitle().should('be.visible');\n// Finish purchase\noverviewPage.finishPurchase();\n// Success validation\noverviewPage.elements.successMessage().should('be.visible');",
              "err": {},
              "uuid": "981f4c1a-3e0e-41ce-8de5-7409cdc51391",
              "parentUUID": "ced655cc-65e5-43df-8878-e05bab706571",
              "isHook": false,
              "skipped": false
            }
          ],
          "suites": [],
          "passes": [
            "981f4c1a-3e0e-41ce-8de5-7409cdc51391"
          ],
          "failures": [],
          "pending": [],
          "skipped": [],
          "duration": 4872,
          "root": false,
          "rootEmpty": false,
          "_timeout": 2000
        }
      ],
      "passes": [],
      "failures": [],
      "pending": [],
      "skipped": [],
      "duration": 0,
      "root": true,
      "rootEmpty": true,
      "_timeout": 2000
    }
  ],
  "meta": {
    "mocha": {
      "version": "7.2.0"
    },
    "mochawesome": {
      "options": {
        "quiet": false,
        "reportFilename": "mochawesome",
        "saveHtml": true,
        "saveJson": true,
        "consoleReporter": "spec",
        "useInlineDiffs": false,
        "code": true
      },
      "version": "7.1.4"
    },
    "marge": {
      "options": {
        "reportDir": "reports/mochawesome",
        "overwrite": false,
        "html": true,
        "json": true
      },
      "version": "6.3.2"
    }
  }
}