{
  "stats": {
    "suites": 1,
    "tests": 1,
    "passes": 1,
    "pending": 0,
    "failures": 0,
    "start": "2026-05-20T19:06:08.666Z",
    "end": "2026-05-20T19:06:15.963Z",
    "duration": 7297,
    "testsRegistered": 1,
    "passPercent": 100,
    "pendingPercent": 0,
    "other": 0,
    "hasOther": false,
    "skipped": 0,
    "hasSkipped": false
  },
  "results": [
    {
      "uuid": "1dd6315a-e3a0-448c-a56c-22674418668d",
      "title": "",
      "fullFile": "cypress\\e2e\\ecommerce\\purchase.cy.js",
      "file": "cypress\\e2e\\ecommerce\\purchase.cy.js",
      "beforeHooks": [],
      "afterHooks": [],
      "tests": [],
      "suites": [
        {
          "uuid": "881a0786-735b-4cbe-9ce0-d55b1a106847",
          "title": "SauceDemo Purchase Flow Devsu Test",
          "fullFile": "",
          "file": "",
          "beforeHooks": [],
          "afterHooks": [],
          "tests": [
            {
              "title": "Should complete a purchase successfully",
              "fullTitle": "SauceDemo Purchase Flow Devsu Test Should complete a purchase successfully",
              "timedOut": null,
              "duration": 4391,
              "state": "passed",
              "speed": "fast",
              "pass": true,
              "fail": false,
              "pending": false,
              "context": null,
              "code": "loginPage.visit();\nloginPage.login(this.userData.username, this.userData.password);\ncy.url().should('include', '/inventory');\ninventoryPage.addBackpackToCart();\ninventoryPage.addBikeLightToCart();\ninventoryPage.validateCartBadge(2);\ninventoryPage.openCart();\ncartPage.validateProducts();\ncartPage.clickCheckout();\ncheckoutPage.fillCheckoutInformation(this.userData.firstName, this.userData.lastName, this.userData.postalCode);\ncheckoutPage.continueCheckout();\noverviewPage.finishPurchase();\noverviewPage.validateSuccessfulPurchase();",
              "err": {},
              "uuid": "02cf1852-8eee-4c6d-bc34-4bfbc558145e",
              "parentUUID": "881a0786-735b-4cbe-9ce0-d55b1a106847",
              "isHook": false,
              "skipped": false
            }
          ],
          "suites": [],
          "passes": [
            "02cf1852-8eee-4c6d-bc34-4bfbc558145e"
          ],
          "failures": [],
          "pending": [],
          "skipped": [],
          "duration": 4391,
          "root": false,
          "rootEmpty": false,
          "_timeout": 2000
        }
      ],
      "passes": [],
      "failures": [],
      "pending": [],
      "skipped": [],
      "duration": 0,
      "root": true,
      "rootEmpty": true,
      "_timeout": 2000
    }
  ],
  "meta": {
    "mocha": {
      "version": "7.2.0"
    },
    "mochawesome": {
      "options": {
        "quiet": false,
        "reportFilename": "mochawesome",
        "saveHtml": true,
        "saveJson": true,
        "consoleReporter": "spec",
        "useInlineDiffs": false,
        "code": true
      },
      "version": "7.1.4"
    },
    "marge": {
      "options": {
        "reportDir": "reports/mochawesome",
        "overwrite": false,
        "html": true,
        "json": true
      },
      "version": "6.3.2"
    }
  }
}